nohup: ignoring input
[dotenv@17.3.1] injecting env (8) from .env -- tip: 🔐 prevent committing .env to code: https://dotenvx.com/precommit
http://localhost:3000
✅ MongoDB connecté
MongoServerError: E11000 duplicate key error collection: annuaire_tatoueurs.users index: email_1 dup key: { email: "admin@les-sites-de-david.fr" }
    at InsertOneOperation.handleOk (/var/www/annuaire/annuaire-tatoueurs/node_modules/mongodb/lib/operations/insert.js:51:19)
    at tryOperation (/var/www/annuaire/annuaire-tatoueurs/node_modules/mongodb/lib/operations/execute_operation.js:216:34)
    at process.processTicksAndRejections (node:internal/process/task_queues:95:5)
    at async executeOperation (/var/www/annuaire/annuaire-tatoueurs/node_modules/mongodb/lib/operations/execute_operation.js:80:16)
    at async Collection.insertOne (/var/www/annuaire/annuaire-tatoueurs/node_modules/mongodb/lib/collection.js:154:16)
    at async model.$__save (/var/www/annuaire/annuaire-tatoueurs/node_modules/mongoose/lib/model.js:400:16)
    at async model.save (/var/www/annuaire/annuaire-tatoueurs/node_modules/mongoose/lib/model.js:614:5)
    at async /var/www/annuaire/annuaire-tatoueurs/node_modules/mongoose/lib/model.js:2750:9
    at async Promise.all (index 0)
    at async Function.create (/var/www/annuaire/annuaire-tatoueurs/node_modules/mongoose/lib/model.js:2735:11) {
  errorLabelSet: Set(0) {},
  errorResponse: {
    index: 0,
    code: 11000,
    errmsg: 'E11000 duplicate key error collection: annuaire_tatoueurs.users index: email_1 dup key: { email: "admin@les-sites-de-david.fr" }',
    keyPattern: { email: 1 },
    keyValue: { email: 'admin@les-sites-de-david.fr' }
  },
  index: 0,
  code: 11000,
  keyPattern: { email: 1 },
  keyValue: { email: 'admin@les-sites-de-david.fr' }
}
MongoServerError: E11000 duplicate key error collection: annuaire_tatoueurs.artists index: email_1 dup key: { email: null }
    at InsertOneOperation.handleOk (/var/www/annuaire/annuaire-tatoueurs/node_modules/mongodb/lib/operations/insert.js:51:19)
    at tryOperation (/var/www/annuaire/annuaire-tatoueurs/node_modules/mongodb/lib/operations/execute_operation.js:216:34)
    at process.processTicksAndRejections (node:internal/process/task_queues:95:5)
    at async executeOperation (/var/www/annuaire/annuaire-tatoueurs/node_modules/mongodb/lib/operations/execute_operation.js:80:16)
    at async Collection.insertOne (/var/www/annuaire/annuaire-tatoueurs/node_modules/mongodb/lib/collection.js:154:16)
    at async model.$__save (/var/www/annuaire/annuaire-tatoueurs/node_modules/mongoose/lib/model.js:400:16)
    at async model.save (/var/www/annuaire/annuaire-tatoueurs/node_modules/mongoose/lib/model.js:614:5)
    at async /var/www/annuaire/annuaire-tatoueurs/node_modules/mongoose/lib/model.js:2750:9
    at async Promise.all (index 0)
    at async Function.create (/var/www/annuaire/annuaire-tatoueurs/node_modules/mongoose/lib/model.js:2735:11) {
  errorLabelSet: Set(0) {},
  errorResponse: {
    index: 0,
    code: 11000,
    errmsg: 'E11000 duplicate key error collection: annuaire_tatoueurs.artists index: email_1 dup key: { email: null }',
    keyPattern: { email: 1 },
    keyValue: { email: null }
  },
  index: 0,
  code: 11000,
  keyPattern: { email: 1 },
  keyValue: { email: null }
}
MongoServerError: E11000 duplicate key error collection: annuaire_tatoueurs.artists index: email_1 dup key: { email: null }
    at InsertOneOperation.handleOk (/var/www/annuaire/annuaire-tatoueurs/node_modules/mongodb/lib/operations/insert.js:51:19)
    at tryOperation (/var/www/annuaire/annuaire-tatoueurs/node_modules/mongodb/lib/operations/execute_operation.js:216:34)
    at process.processTicksAndRejections (node:internal/process/task_queues:95:5)
    at async executeOperation (/var/www/annuaire/annuaire-tatoueurs/node_modules/mongodb/lib/operations/execute_operation.js:80:16)
    at async Collection.insertOne (/var/www/annuaire/annuaire-tatoueurs/node_modules/mongodb/lib/collection.js:154:16)
    at async model.$__save (/var/www/annuaire/annuaire-tatoueurs/node_modules/mongoose/lib/model.js:400:16)
    at async model.save (/var/www/annuaire/annuaire-tatoueurs/node_modules/mongoose/lib/model.js:614:5)
    at async /var/www/annuaire/annuaire-tatoueurs/node_modules/mongoose/lib/model.js:2750:9
    at async Promise.all (index 0)
    at async Function.create (/var/www/annuaire/annuaire-tatoueurs/node_modules/mongoose/lib/model.js:2735:11) {
  errorLabelSet: Set(0) {},
  errorResponse: {
    index: 0,
    code: 11000,
    errmsg: 'E11000 duplicate key error collection: annuaire_tatoueurs.artists index: email_1 dup key: { email: null }',
    keyPattern: { email: 1 },
    keyValue: { email: null }
  },
  index: 0,
  code: 11000,
  keyPattern: { email: 1 },
  keyValue: { email: null }
}
MongoServerError: E11000 duplicate key error collection: annuaire_tatoueurs.artists index: email_1 dup key: { email: null }
    at InsertOneOperation.handleOk (/var/www/annuaire/annuaire-tatoueurs/node_modules/mongodb/lib/operations/insert.js:51:19)
    at tryOperation (/var/www/annuaire/annuaire-tatoueurs/node_modules/mongodb/lib/operations/execute_operation.js:216:34)
    at process.processTicksAndRejections (node:internal/process/task_queues:95:5)
    at async executeOperation (/var/www/annuaire/annuaire-tatoueurs/node_modules/mongodb/lib/operations/execute_operation.js:80:16)
    at async Collection.insertOne (/var/www/annuaire/annuaire-tatoueurs/node_modules/mongodb/lib/collection.js:154:16)
    at async model.$__save (/var/www/annuaire/annuaire-tatoueurs/node_modules/mongoose/lib/model.js:400:16)
    at async model.save (/var/www/annuaire/annuaire-tatoueurs/node_modules/mongoose/lib/model.js:614:5)
    at async /var/www/annuaire/annuaire-tatoueurs/node_modules/mongoose/lib/model.js:2750:9
    at async Promise.all (index 0)
    at async Function.create (/var/www/annuaire/annuaire-tatoueurs/node_modules/mongoose/lib/model.js:2735:11) {
  errorLabelSet: Set(0) {},
  errorResponse: {
    index: 0,
    code: 11000,
    errmsg: 'E11000 duplicate key error collection: annuaire_tatoueurs.artists index: email_1 dup key: { email: null }',
    keyPattern: { email: 1 },
    keyValue: { email: null }
  },
  index: 0,
  code: 11000,
  keyPattern: { email: 1 },
  keyValue: { email: null }
}
MongoServerError: E11000 duplicate key error collection: annuaire_tatoueurs.artists index: email_1 dup key: { email: null }
    at InsertOneOperation.handleOk (/var/www/annuaire/annuaire-tatoueurs/node_modules/mongodb/lib/operations/insert.js:51:19)
    at tryOperation (/var/www/annuaire/annuaire-tatoueurs/node_modules/mongodb/lib/operations/execute_operation.js:216:34)
    at process.processTicksAndRejections (node:internal/process/task_queues:95:5)
    at async executeOperation (/var/www/annuaire/annuaire-tatoueurs/node_modules/mongodb/lib/operations/execute_operation.js:80:16)
    at async Collection.insertOne (/var/www/annuaire/annuaire-tatoueurs/node_modules/mongodb/lib/collection.js:154:16)
    at async model.$__save (/var/www/annuaire/annuaire-tatoueurs/node_modules/mongoose/lib/model.js:400:16)
    at async model.save (/var/www/annuaire/annuaire-tatoueurs/node_modules/mongoose/lib/model.js:614:5)
    at async /var/www/annuaire/annuaire-tatoueurs/node_modules/mongoose/lib/model.js:2750:9
    at async Promise.all (index 0)
    at async Function.create (/var/www/annuaire/annuaire-tatoueurs/node_modules/mongoose/lib/model.js:2735:11) {
  errorLabelSet: Set(0) {},
  errorResponse: {
    index: 0,
    code: 11000,
    errmsg: 'E11000 duplicate key error collection: annuaire_tatoueurs.artists index: email_1 dup key: { email: null }',
    keyPattern: { email: 1 },
    keyValue: { email: null }
  },
  index: 0,
  code: 11000,
  keyPattern: { email: 1 },
  keyValue: { email: null }
}
MongoServerError: E11000 duplicate key error collection: annuaire_tatoueurs.artists index: email_1 dup key: { email: null }
    at InsertOneOperation.handleOk (/var/www/annuaire/annuaire-tatoueurs/node_modules/mongodb/lib/operations/insert.js:51:19)
    at tryOperation (/var/www/annuaire/annuaire-tatoueurs/node_modules/mongodb/lib/operations/execute_operation.js:216:34)
    at process.processTicksAndRejections (node:internal/process/task_queues:95:5)
    at async executeOperation (/var/www/annuaire/annuaire-tatoueurs/node_modules/mongodb/lib/operations/execute_operation.js:80:16)
    at async Collection.insertOne (/var/www/annuaire/annuaire-tatoueurs/node_modules/mongodb/lib/collection.js:154:16)
    at async model.$__save (/var/www/annuaire/annuaire-tatoueurs/node_modules/mongoose/lib/model.js:400:16)
    at async model.save (/var/www/annuaire/annuaire-tatoueurs/node_modules/mongoose/lib/model.js:614:5)
    at async /var/www/annuaire/annuaire-tatoueurs/node_modules/mongoose/lib/model.js:2750:9
    at async Promise.all (index 0)
    at async Function.create (/var/www/annuaire/annuaire-tatoueurs/node_modules/mongoose/lib/model.js:2735:11) {
  errorLabelSet: Set(0) {},
  errorResponse: {
    index: 0,
    code: 11000,
    errmsg: 'E11000 duplicate key error collection: annuaire_tatoueurs.artists index: email_1 dup key: { email: null }',
    keyPattern: { email: 1 },
    keyValue: { email: null }
  },
  index: 0,
  code: 11000,
  keyPattern: { email: 1 },
  keyValue: { email: null }
}
MongoServerError: E11000 duplicate key error collection: annuaire_tatoueurs.artists index: email_1 dup key: { email: null }
    at InsertOneOperation.handleOk (/var/www/annuaire/annuaire-tatoueurs/node_modules/mongodb/lib/operations/insert.js:51:19)
    at tryOperation (/var/www/annuaire/annuaire-tatoueurs/node_modules/mongodb/lib/operations/execute_operation.js:216:34)
    at process.processTicksAndRejections (node:internal/process/task_queues:95:5)
    at async executeOperation (/var/www/annuaire/annuaire-tatoueurs/node_modules/mongodb/lib/operations/execute_operation.js:80:16)
    at async Collection.insertOne (/var/www/annuaire/annuaire-tatoueurs/node_modules/mongodb/lib/collection.js:154:16)
    at async model.$__save (/var/www/annuaire/annuaire-tatoueurs/node_modules/mongoose/lib/model.js:400:16)
    at async model.save (/var/www/annuaire/annuaire-tatoueurs/node_modules/mongoose/lib/model.js:614:5)
    at async /var/www/annuaire/annuaire-tatoueurs/node_modules/mongoose/lib/model.js:2750:9
    at async Promise.all (index 0)
    at async Function.create (/var/www/annuaire/annuaire-tatoueurs/node_modules/mongoose/lib/model.js:2735:11) {
  errorLabelSet: Set(0) {},
  errorResponse: {
    index: 0,
    code: 11000,
    errmsg: 'E11000 duplicate key error collection: annuaire_tatoueurs.artists index: email_1 dup key: { email: null }',
    keyPattern: { email: 1 },
    keyValue: { email: null }
  },
  index: 0,
  code: 11000,
  keyPattern: { email: 1 },
  keyValue: { email: null }
}
